OUTPUT
The input linear program is:

Maximise  -1x_1 + -1x_2 + -1x_3 + -1x_4 + -1x_5 + -1x_6 + -1x_7
Such that -1x_1 + -1x_4 + -1x_5 + -1x_6 + -1x_7 <= -17
          -1x_1 + -1x_2 + -1x_5 + -1x_6 + -1x_7 <= -21
          -1x_1 + -1x_2 + -1x_3 + -1x_6 + -1x_7 <= -15
          -1x_1 + -1x_2 + -1x_3 + -1x_4 + -1x_7 <= -20
          -1x_1 + -1x_2 + -1x_3 + -1x_4 + -1x_5 <= -23
          -1x_2 + -1x_3 + -1x_4 + -1x_5 + -1x_6 <= -15
          -1x_3 + -1x_4 + -1x_5 + -1x_6 + -1x_7 <= -9
          x_1, x_2, x_3, x_4, x_5, x_6, x_7 are non-negative
The problem may be unfeasible : let's apply phase 1 / phase 2 method !
Phase 1
The initial tableau is:
  5   5   5   5   5   5   5  -1  -1  -1  -1  -1  -1  -1   0   0   0   0   0   0   0 120
  1   0   0   1   1   1   1  -1   0   0   0   0   0   0   1   0   0   0   0   0   0  17
  1   1   0   0   1   1   1   0  -1   0   0   0   0   0   0   1   0   0   0   0   0  21
  1   1   1   0   0   1   1   0   0  -1   0   0   0   0   0   0   1   0   0   0   0  15
  1   1   1   1   0   0   1   0   0   0  -1   0   0   0   0   0   0   1   0   0   0  20
  1   1   1   1   1   0   0   0   0   0   0  -1   0   0   0   0   0   0   1   0   0  23
  0   1   1   1   1   1   0   0   0   0   0   0  -1   0   0   0   0   0   0   1   0  15
  0   0   1   1   1   1   1   0   0   0   0   0   0  -1   0   0   0   0   0   0   1   9
Current optimum : -120
Entering x_1
Leaving x_17
 0  0  0  5  5  0  0 -1 -1  4 -1 -1 -1 -1  0  0 -5  0  0  0  0 45
 0 -1 -1  1  1  0  0 -1  0  1  0  0  0  0  1  0 -1  0  0  0  0  2
 0  0 -1  0  1  0  0  0 -1  1  0  0  0  0  0  1 -1  0  0  0  0  6
 1  1  1  0  0  1  1  0  0 -1  0  0  0  0  0  0  1  0  0  0  0 15
 0  0  0  1  0 -1  0  0  0  1 -1  0  0  0  0  0 -1  1  0  0  0  5
 0  0  0  1  1 -1 -1  0  0  1  0 -1  0  0  0  0 -1  0  1  0  0  8
 0  1  1  1  1  1  0  0  0  0  0  0 -1  0  0  0  0  0  0  1  0 15
 0  0  1  1  1  1  1  0  0  0  0  0  0 -1  0  0  0  0  0  0  1  9
Current optimum : -45
Entering x_4
Leaving x_15
 0  5  5  0  0  0  0  4 -1 -1 -1 -1 -1 -1 -5  0  0  0  0  0  0 35
 0 -1 -1  1  1  0  0 -1  0  1  0  0  0  0  1  0 -1  0  0  0  0  2
 0  0 -1  0  1  0  0  0 -1  1  0  0  0  0  0  1 -1  0  0  0  0  6
 1  1  1  0  0  1  1  0  0 -1  0  0  0  0  0  0  1  0  0  0  0 15
 0  1  1  0 -1 -1  0  1  0  0 -1  0  0  0 -1  0  0  1  0  0  0  3
 0  1  1  0  0 -1 -1  1  0  0  0 -1  0  0 -1  0  0  0  1  0  0  6
 0  2  2  0  0  1  0  1  0 -1  0  0 -1  0 -1  0  1  0  0  1  0 13
 0  1  2  0  0  1  1  1  0 -1  0  0  0 -1 -1  0  1  0  0  0  1  7
Current optimum : -35
Entering x_2
Leaving x_18
 0  0  0  0  5  5  0 -1 -1 -1  4 -1 -1 -1  0  0  0 -5  0  0  0 20
 0  0  0  1  0 -1  0  0  0  1 -1  0  0  0  0  0 -1  1  0  0  0  5
 0  0 -1  0  1  0  0  0 -1  1  0  0  0  0  0  1 -1  0  0  0  0  6
 1  0  0  0  1  2  1 -1  0 -1  1  0  0  0  1  0  1 -1  0  0  0 12
 0  1  1  0 -1 -1  0  1  0  0 -1  0  0  0 -1  0  0  1  0  0  0  3
 0  0  0  0  1  0 -1  0  0  0  1 -1  0  0  0  0  0 -1  1  0  0  3
 0  0  0  0  2  3  0 -1  0 -1  2  0 -1  0  1  0  1 -2  0  1  0  7
 0  0  1  0  1  2  1  0  0 -1  1  0  0 -1  0  0  1 -1  0  0  1  4
Current optimum : -20
Entering x_5
Leaving x_19
 0  0  0  0  0  5  5 -1 -1 -1 -1  4 -1 -1  0  0  0  0 -5  0  0  5
 0  0  0  1  0 -1  0  0  0  1 -1  0  0  0  0  0 -1  1  0  0  0  5
 0  0 -1  0  0  0  1  0 -1  1 -1  1  0  0  0  1 -1  1 -1  0  0  3
 1  0  0  0  0  2  2 -1  0 -1  0  1  0  0  1  0  1  0 -1  0  0  9
 0  1  1  0  0 -1 -1  1  0  0  0 -1  0  0 -1  0  0  0  1  0  0  6
 0  0  0  0  1  0 -1  0  0  0  1 -1  0  0  0  0  0 -1  1  0  0  3
 0  0  0  0  0  3  2 -1  0 -1  0  2 -1  0  1  0  1  0 -2  1  0  1
 0  0  1  0  0  2  2  0  0 -1  0  1  0 -1  0  0  1  0 -1  0  1  1
Current optimum : -5
Entering x_6
Leaving x_20
   0    0    0    0    0    0  5/3  2/3   -1  2/3   -1  2/3  2/3   -1 -5/3    0 -5/3    0 -5/3 -5/3    0 10/3
   0    0    0    1    0    0  2/3 -1/3    0  2/3   -1  2/3 -1/3    0  1/3    0 -2/3    1 -2/3  1/3    0 16/3
   0    0   -1    0    0    0    1    0   -1    1   -1    1    0    0    0    1   -1    1   -1    0    0    3
   1    0    0    0    0    0  2/3 -1/3    0 -1/3    0 -1/3  2/3    0  1/3    0  1/3    0  1/3 -2/3    0 25/3
   0    1    1    0    0    0 -1/3  2/3    0 -1/3    0 -1/3 -1/3    0 -2/3    0  1/3    0  1/3  1/3    0 19/3
   0    0    0    0    1    0   -1    0    0    0    1   -1    0    0    0    0    0   -1    1    0    0    3
   0    0    0    0    0    1  2/3 -1/3    0 -1/3    0  2/3 -1/3    0  1/3    0  1/3    0 -2/3  1/3    0  1/3
   0    0    1    0    0    0  2/3  2/3    0 -1/3    0 -1/3  2/3   -1 -2/3    0  1/3    0  1/3 -2/3    1  1/3
Current optimum : -10/3
Entering x_7
Leaving x_6
   0    0    0    0    0 -5/2    0  3/2   -1  3/2   -1   -1  3/2   -1 -5/2    0 -5/2    0    0 -5/2    0  5/2
   0    0    0    1    0   -1    0    0    0    1   -1    0    0    0    0    0   -1    1    0    0    0    5
   0    0   -1    0    0 -3/2    0  1/2   -1  3/2   -1    0  1/2    0 -1/2    1 -3/2    1    0 -1/2    0  5/2
   1    0    0    0    0   -1    0    0    0    0    0   -1    1    0    0    0    0    0    1   -1    0    8
   0    1    1    0    0  1/2    0  1/2    0 -1/2    0    0 -1/2    0 -1/2    0  1/2    0    0  1/2    0 13/2
   0    0    0    0    1  3/2    0 -1/2    0 -1/2    1    0 -1/2    0  1/2    0  1/2   -1    0  1/2    0  7/2
   0    0    0    0    0  3/2    1 -1/2    0 -1/2    0    1 -1/2    0  1/2    0  1/2    0   -1  1/2    0  1/2
   0    0    1    0    0   -1    0    1    0    0    0   -1    1   -1   -1    0    0    0    1   -1    1    0
Current optimum : -5/2
Entering x_8
Leaving x_21
   0    0 -3/2    0    0   -1    0    0   -1  3/2   -1  1/2    0  1/2   -1    0 -5/2    0 -3/2   -1 -3/2  5/2
   0    0    0    1    0   -1    0    0    0    1   -1    0    0    0    0    0   -1    1    0    0    0    5
   0    0 -3/2    0    0   -1    0    0   -1  3/2   -1  1/2    0  1/2    0    1 -3/2    1 -1/2    0 -1/2  5/2
   1    0    0    0    0   -1    0    0    0    0    0   -1    1    0    0    0    0    0    1   -1    0    8
   0    1  1/2    0    0    1    0    0    0 -1/2    0  1/2   -1  1/2    0    0  1/2    0 -1/2    1 -1/2 13/2
   0    0  1/2    0    1    1    0    0    0 -1/2    1 -1/2    0 -1/2    0    0  1/2   -1  1/2    0  1/2  7/2
   0    0  1/2    0    0    1    1    0    0 -1/2    0  1/2    0 -1/2    0    0  1/2    0 -1/2    0  1/2  1/2
   0    0    1    0    0   -1    0    1    0    0    0   -1    1   -1   -1    0    0    0    1   -1    1    0
Current optimum : -5/2
Entering x_10
Leaving x_16
   0    0    0    0    0    0    0    0    0    0    0    0    0    0   -1   -1   -1   -1   -1   -1   -1    0
   0    0    1    1    0 -1/3    0    0  2/3    0 -1/3 -1/3    0 -1/3    0 -2/3    0  1/3  1/3    0  1/3 10/3
   0    0   -1    0    0 -2/3    0    0 -2/3    1 -2/3  1/3    0  1/3    0  2/3   -1  2/3 -1/3    0 -1/3  5/3
   1    0    0    0    0   -1    0    0    0    0    0   -1    1    0    0    0    0    0    1   -1    0    8
   0    1    0    0    0  2/3    0    0 -1/3    0 -1/3  2/3   -1  2/3    0  1/3    0  1/3 -2/3    1 -2/3 22/3
   0    0    0    0    1  2/3    0    0 -1/3    0  2/3 -1/3    0 -1/3    0  1/3    0 -2/3  1/3    0  1/3 13/3
   0    0    0    0    0  2/3    1    0 -1/3    0 -1/3  2/3    0 -1/3    0  1/3    0  1/3 -2/3    0  1/3  4/3
   0    0    1    0    0   -1    0    1    0    0    0   -1    1   -1   -1    0    0    0    1   -1    1    0
Current optimum : 0
The problem is FEASIBLE !
Phase 2
The initial tableau is:
   0    0    0    0    0 -1/3    0    0 -1/3    0 -1/3 -1/3    0 -1/3 73/3
   0    0    1    1    0 -1/3    0    0  2/3    0 -1/3 -1/3    0 -1/3 10/3
   0    0   -1    0    0 -2/3    0    0 -2/3    1 -2/3  1/3    0  1/3  5/3
   1    0    0    0    0   -1    0    0    0    0    0   -1    1    0    8
   0    1    0    0    0  2/3    0    0 -1/3    0 -1/3  2/3   -1  2/3 22/3
   0    0    0    0    1  2/3    0    0 -1/3    0  2/3 -1/3    0 -1/3 13/3
   0    0    0    0    0  2/3    1    0 -1/3    0 -1/3  2/3    0 -1/3  4/3
   0    0    1    0    0   -1    0    1    0    0    0   -1    1   -1    0
Current optimum : -73/3
One optimal solution is: x_1 = 8, x_2 = 22/3, x_3 = 0, x_4 = 10/3, x_5 = 13/3, x_6 = 0, x_7 = 4/3
The value of the objective for this solution is: -73/3
The number of pivots is: 8
Pivot rule used: Dantzig's rule with no-cycles option
Overall computation time : 0.0168907ms
